<?xml version="1.0" encoding="UTF-8" ?>
<testsuite tests="14" failures="3" name="TestSuite" time="52.468" errors="0" skipped="0">
  <properties>
[...]
</properties>
  <testcase classname="com.icreon.account.firstLoginTest" name="loginPortal" time="6.497"/>
  <testcase classname="com.icreon.customer.customerProfileInformationTest" name="TC_001_Passing0InPath" time="2.551"/>
  <testcase classname="com.icreon.customer.customerProfileInformationTest" name="TC_002_PassingProfileIDinPath" time="0.535">
    <failure message="expected [404] but found [200]" type="java.lang.AssertionError">java.lang.AssertionError: expected [404] but found [200]
	at org.testng.Assert.fail(Assert.java:96)
	at org.testng.Assert.failNotEquals(Assert.java:776)
	at org.testng.Assert.assertEqualsImpl(Assert.java:137)
	at org.testng.Assert.assertEquals(Assert.java:118)
	at org.testng.Assert.assertEquals(Assert.java:652)
	at org.testng.Assert.assertEquals(Assert.java:662)
	at com.icreon.customer.customerProfileInformationTest.TC_002_PassingProfileIDinPath(customerProfileInformationTest.java:91)
</failure>
  </testcase>
  <testcase classname="com.icreon.customer.customerProfileInformationTest" name="TC_003_PassingWrongProfileIDinPath" time="0.577"/>
  <testcase classname="com.icreon.customer.customerProfileInformationTest" name="TC_004_requestWithoutAuthorization" time="0.952"/>
  <testcase classname="com.icreon.customer.customerProfileInformationTest" name="TC_005_requestWithoutX_Fred_Auth" time="0.572"/>
  <testcase classname="com.icreon.customer.customerProfileInformationTest" name="TC_006_requestWithoutCustomerId" time="0.485"/>
  <testcase classname="com.icreon.customer.customerProfileInformationTest" name="TC_007_mismatchedCustomerId" time="0.488"/>
  <testcase classname="com.icreon.customer.customerProfileInformationTest" name="custProfileInfo" time="0.736"/>
  <testcase classname="com.icreon.customer.kidTest" name="TC_001_SavingANewKid" time="1.356"/>
  <testcase classname="com.icreon.customer.MileagePlusRewardNumberTest" name="TC_001_MileageNumberAlreadyExist" time="31.146">
    <failure message="1 expectation failed.
Expected status code &lt;200&gt; but was &lt;404&gt;.
" type="java.lang.AssertionError">java.lang.AssertionError: 1 expectation failed.
Expected status code &lt;200&gt; but was &lt;404&gt;.

	at sun.reflect.NativeConstructorAccessorImpl.newInstance0(Native Method)
	at sun.reflect.NativeConstructorAccessorImpl.newInstance(NativeConstructorAccessorImpl.java:62)
	at sun.reflect.DelegatingConstructorAccessorImpl.newInstance(DelegatingConstructorAccessorImpl.java:45)
	at java.lang.reflect.Constructor.newInstance(Constructor.java:423)
	at org.codehaus.groovy.reflection.CachedConstructor.invoke(CachedConstructor.java:83)
	at org.codehaus.groovy.reflection.CachedConstructor.doConstructorInvoke(CachedConstructor.java:77)
	at org.codehaus.groovy.runtime.callsite.ConstructorSite$ConstructorSiteNoUnwrap.callConstructor(ConstructorSite.java:84)
	at org.codehaus.groovy.runtime.callsite.CallSiteArray.defaultCallConstructor(CallSiteArray.java:60)
	at org.codehaus.groovy.runtime.callsite.AbstractCallSite.callConstructor(AbstractCallSite.java:235)
	at org.codehaus.groovy.runtime.callsite.AbstractCallSite.callConstructor(AbstractCallSite.java:247)
	at io.restassured.internal.ResponseSpecificationImpl$HamcrestAssertionClosure.validate(ResponseSpecificationImpl.groovy:483)
	at io.restassured.internal.ResponseSpecificationImpl$HamcrestAssertionClosure$validate$1.call(Unknown Source)
	at io.restassured.internal.ResponseSpecificationImpl.validateResponseIfRequired(ResponseSpecificationImpl.groovy:655)
	at sun.reflect.NativeMethodAccessorImpl.invoke0(Native Method)
	at sun.reflect.NativeMethodAccessorImpl.invoke(NativeMethodAccessorImpl.java:62)
	at sun.reflect.DelegatingMethodAccessorImpl.invoke(DelegatingMethodAccessorImpl.java:43)
	at java.lang.reflect.Method.invoke(Method.java:498)
	at org.codehaus.groovy.runtime.callsite.PogoMetaMethodSite$PogoCachedMethodSiteNoUnwrapNoCoerce.invoke(PogoMetaMethodSite.java:210)
	at org.codehaus.groovy.runtime.callsite.PogoMetaMethodSite.callCurrent(PogoMetaMethodSite.java:59)
	at org.codehaus.groovy.runtime.callsite.AbstractCallSite.callCurrent(AbstractCallSite.java:166)
	at io.restassured.internal.ResponseSpecificationImpl.statusCode(ResponseSpecificationImpl.groovy:123)
	at io.restassured.specification.ResponseSpecification$statusCode$0.callCurrent(Unknown Source)
	at io.restassured.internal.ResponseSpecificationImpl.statusCode(ResponseSpecificationImpl.groovy:131)
	at io.restassured.internal.ValidatableResponseOptionsImpl.statusCode(ValidatableResponseOptionsImpl.java:119)
	at com.icreon.customer.MileagePlusRewardNumberTest.TC_001_MileageNumberAlreadyExist(MileagePlusRewardNumberTest.java:36)
</failure>
    <system-out>HTTP/1.1 404 Not Found
Transfer-Encoding: chunked
Content-Type: application/json
Server: Kestrel
api-supported-versions: 1.0, 2.0
X-Powered-By: ASP.NET
Set-Cookie: ARRAffinity=643da09f0404d87e0f12cd06d58428e9c5c4dc563c548b31276fa1f2a7ae5535;Path=/;HttpOnly;Domain=accountmicroapp.azurewebsites.net
Date: Fri, 03 Aug 2018 08:31:07 GMT

Error found, please try after some time
</system-out>
  </testcase>
  <testcase classname="com.icreon.customer.MileagePlusRewardNumberTest" name="TC_002_MileageNumberNotValid" time="0.551"/>
  <testcase classname="com.icreon.customer.stravaUpdateTest" name="TC_001_PassingAllParametersCorrectly" time="2.01"/>
  <testcase classname="com.icreon.customer.stravaUpdateTest" name="TC_002_UsingExsitingStravaId" time="4.012">
    <failure message="expected [Success] but found [Starva Id already exist]" type="java.lang.AssertionError">java.lang.AssertionError: expected [Success] but found [Starva Id already exist]
	at org.testng.Assert.fail(Assert.java:96)
	at org.testng.Assert.failNotEquals(Assert.java:776)
	at org.testng.Assert.assertEqualsImpl(Assert.java:137)
	at org.testng.Assert.assertEquals(Assert.java:118)
	at org.testng.Assert.assertEquals(Assert.java:453)
	at org.testng.Assert.assertEquals(Assert.java:463)
	at com.icreon.customer.stravaUpdateTest.TC_002_UsingExsitingStravaId(stravaUpdateTest.java:80)
</failure>
  </testcase>
</testsuite>